This file contains any messages produced by compilers while
running configure, to aid debugging if configure makes a mistake.

It was created by configure, which was
generated by GNU Autoconf 2.59.  Invocation command line was

  $ ./configure 

## --------- ##
## Platform. ##
## --------- ##

hostname = Ice
uname -m = x86_64
uname -r = 14.0.0
uname -s = Darwin
uname -v = Darwin Kernel Version 14.0.0: Fri Sep 19 00:26:44 PDT 2014; root:xnu-2782.1.97~2/RELEASE_X86_64

/usr/bin/uname -p = i386
/bin/uname -X     = unknown

/bin/arch              = unknown
/usr/bin/arch -k       = unknown
/usr/convex/getsysinfo = unknown
hostinfo               = Mach kernel version:
	 Darwin Kernel Version 14.0.0: Fri Sep 19 00:26:44 PDT 2014; root:xnu-2782.1.97~2/RELEASE_X86_64
Kernel configured for up to 24 processors.
12 processors are physically available.
24 processors are logically available.
Processor type: i486 (Intel 80486)
Processors active: 0 1 2 3 4 5 6 7 8 9 10 11 12 13 14 15 16 17 18 19 20 21 22 23
Primary memory available: 48.00 gigabytes
Default processor set: 216 tasks, 1148 threads, 24 processors
Load average: 2.16, Mach factor: 21.83
/bin/machine           = unknown
/usr/bin/oslevel       = unknown
/bin/universe          = unknown

PATH: /opt/local/bin
PATH: /opt/local/sbin
PATH: /opt/local/bin
PATH: /opt/local/sbin
PATH: /Library/Frameworks/GDAL.framework/Programs
PATH: /usr/local/ncl-6.2.1/bin
PATH: /Users/scott/bin
PATH: /usr/local/mysql/bin
PATH: /Users/scott/ipw-2.1.0/local/bin
PATH: /Users/scott/ipw-2.1.0/bin
PATH: /usr/local/bin
PATH: /usr/bin
PATH: /bin
PATH: /usr/sbin
PATH: /sbin
PATH: /opt/X11/bin
PATH: /usr/local/git/bin
PATH: /usr/texbin


## ----------- ##
## Core tests. ##
## ----------- ##

configure:1323: checking build system type
configure:1341: result: i386-apple-darwin14.0.0
configure:1349: checking host system type
configure:1363: result: i386-apple-darwin14.0.0
configure:1387: checking for sh
configure:1405: found /bin/sh
configure:1417: result: /bin/sh
configure:1428: checking for mawk
configure:1446: found /opt/local/bin/mawk
configure:1458: result: /opt/local/bin/mawk
configure:1470: checking for sed
configure:1488: found /usr/bin/sed
configure:1500: result: /usr/bin/sed
configure:1509: checking for perl
configure:1527: found /opt/local/bin/perl
configure:1539: result: /opt/local/bin/perl
configure:1592: checking for gcc
configure:1608: found /usr/local/bin/gcc
configure:1618: result: gcc
configure:1862: checking for C compiler version
configure:1865: gcc --version </dev/null >&5
gcc (GCC) 4.9.2 20141029 (prerelease)
Copyright (C) 2014 Free Software Foundation, Inc.
This is free software; see the source for copying conditions.  There is NO
warranty; not even for MERCHANTABILITY or FITNESS FOR A PARTICULAR PURPOSE.

configure:1868: $? = 0
configure:1870: gcc -v </dev/null >&5
Using built-in specs.
COLLECT_GCC=gcc
COLLECT_LTO_WRAPPER=/usr/local/libexec/gcc/x86_64-apple-darwin14.0.0/4.9.2/lto-wrapper
Target: x86_64-apple-darwin14.0.0
Configured with: ../gcc-4.9-20141029/configure --enable-languages=c++,fortran
Thread model: posix
gcc version 4.9.2 20141029 (prerelease) (GCC) 
configure:1873: $? = 0
configure:1875: gcc -V </dev/null >&5
gcc: error: unrecognized command line option '-V'
gcc: fatal error: no input files
compilation terminated.
configure:1878: $? = 1
configure:1901: checking for C compiler default output file name
configure:1904: gcc    conftest.c  >&5
configure:1907: $? = 0
configure:1953: result: a.out
configure:1958: checking whether the C compiler works
configure:1964: ./a.out
configure:1967: $? = 0
configure:1984: result: yes
configure:1991: checking whether we are cross compiling
configure:1993: result: no
configure:1996: checking for suffix of executables
configure:1998: gcc -o conftest    conftest.c  >&5
configure:2001: $? = 0
configure:2026: result: 
configure:2032: checking for suffix of object files
configure:2053: gcc -c   conftest.c >&5
configure:2056: $? = 0
configure:2078: result: o
configure:2082: checking whether we are using the GNU C compiler
configure:2106: gcc -c   conftest.c >&5
configure:2112: $? = 0
configure:2116: test -z 
			 || test ! -s conftest.err
configure:2119: $? = 0
configure:2122: test -s conftest.o
configure:2125: $? = 0
configure:2138: result: yes
configure:2144: checking whether gcc accepts -g
configure:2165: gcc -c -g  conftest.c >&5
configure:2171: $? = 0
configure:2175: test -z 
			 || test ! -s conftest.err
configure:2178: $? = 0
configure:2181: test -s conftest.o
configure:2184: $? = 0
configure:2195: result: yes
configure:2212: checking for gcc option to accept ANSI C
configure:2282: gcc  -c -g -O2  conftest.c >&5
configure:2288: $? = 0
configure:2292: test -z 
			 || test ! -s conftest.err
configure:2295: $? = 0
configure:2298: test -s conftest.o
configure:2301: $? = 0
configure:2319: result: none needed
configure:2337: gcc -c -g -O2  conftest.c >&5
conftest.c:2:3: error: unknown type name 'choke'
   choke me
   ^
conftest.c:2:3: error: expected '=', ',', ';', 'asm' or '__attribute__' at end of input
configure:2343: $? = 1
configure: failed program was:
| #ifndef __cplusplus
|   choke me
| #endif
configure:2478: checking for graph
configure:2511: result: no
configure:2524: checking how to run the C preprocessor
configure:2559: gcc -E  conftest.c
configure:2565: $? = 0
configure:2597: gcc -E  conftest.c
conftest.c:9:28: fatal error: ac_nonexistent.h: No such file or directory
 #include <ac_nonexistent.h>
                            ^
compilation terminated.
configure:2603: $? = 1
configure: failed program was:
| /* confdefs.h.  */
| 
| #define PACKAGE_NAME ""
| #define PACKAGE_TARNAME ""
| #define PACKAGE_VERSION ""
| #define PACKAGE_STRING ""
| #define PACKAGE_BUGREPORT ""
| /* end confdefs.h.  */
| #include <ac_nonexistent.h>
configure:2642: result: gcc -E
configure:2666: gcc -E  conftest.c
configure:2672: $? = 0
configure:2704: gcc -E  conftest.c
conftest.c:9:28: fatal error: ac_nonexistent.h: No such file or directory
 #include <ac_nonexistent.h>
                            ^
compilation terminated.
configure:2710: $? = 1
configure: failed program was:
| /* confdefs.h.  */
| 
| #define PACKAGE_NAME ""
| #define PACKAGE_TARNAME ""
| #define PACKAGE_VERSION ""
| #define PACKAGE_STRING ""
| #define PACKAGE_BUGREPORT ""
| /* end confdefs.h.  */
| #include <ac_nonexistent.h>
configure:2754: checking for egrep
configure:2764: result: grep -E
configure:2790: checking for ANSI C header files
configure:2815: gcc -c -g -O2  conftest.c >&5
configure:2821: $? = 0
configure:2825: test -z 
			 || test ! -s conftest.err
configure:2828: $? = 0
configure:2831: test -s conftest.o
configure:2834: $? = 0
configure:2923: gcc -o conftest -g -O2   conftest.c  >&5
conftest.c: In function 'main':
conftest.c:26:7: warning: incompatible implicit declaration of built-in function 'exit'
       exit(2);
       ^
configure:2926: $? = 0
configure:2928: ./conftest
configure:2931: $? = 0
configure:2946: result: yes
configure:2970: checking for sys/types.h
configure:2986: gcc -c -g -O2  conftest.c >&5
configure:2992: $? = 0
configure:2996: test -z 
			 || test ! -s conftest.err
configure:2999: $? = 0
configure:3002: test -s conftest.o
configure:3005: $? = 0
configure:3016: result: yes
configure:2970: checking for sys/stat.h
configure:2986: gcc -c -g -O2  conftest.c >&5
configure:2992: $? = 0
configure:2996: test -z 
			 || test ! -s conftest.err
configure:2999: $? = 0
configure:3002: test -s conftest.o
configure:3005: $? = 0
configure:3016: result: yes
configure:2970: checking for stdlib.h
configure:2986: gcc -c -g -O2  conftest.c >&5
configure:2992: $? = 0
configure:2996: test -z 
			 || test ! -s conftest.err
configure:2999: $? = 0
configure:3002: test -s conftest.o
configure:3005: $? = 0
configure:3016: result: yes
configure:2970: checking for string.h
configure:2986: gcc -c -g -O2  conftest.c >&5
configure:2992: $? = 0
configure:2996: test -z 
			 || test ! -s conftest.err
configure:2999: $? = 0
configure:3002: test -s conftest.o
configure:3005: $? = 0
configure:3016: result: yes
configure:2970: checking for memory.h
configure:2986: gcc -c -g -O2  conftest.c >&5
configure:2992: $? = 0
configure:2996: test -z 
			 || test ! -s conftest.err
configure:2999: $? = 0
configure:3002: test -s conftest.o
configure:3005: $? = 0
configure:3016: result: yes
configure:2970: checking for strings.h
configure:2986: gcc -c -g -O2  conftest.c >&5
configure:2992: $? = 0
configure:2996: test -z 
			 || test ! -s conftest.err
configure:2999: $? = 0
configure:3002: test -s conftest.o
configure:3005: $? = 0
configure:3016: result: yes
configure:2970: checking for inttypes.h
configure:2986: gcc -c -g -O2  conftest.c >&5
configure:2992: $? = 0
configure:2996: test -z 
			 || test ! -s conftest.err
configure:2999: $? = 0
configure:3002: test -s conftest.o
configure:3005: $? = 0
configure:3016: result: yes
configure:2970: checking for stdint.h
configure:2986: gcc -c -g -O2  conftest.c >&5
configure:2992: $? = 0
configure:2996: test -z 
			 || test ! -s conftest.err
configure:2999: $? = 0
configure:3002: test -s conftest.o
configure:3005: $? = 0
configure:3016: result: yes
configure:2970: checking for unistd.h
configure:2986: gcc -c -g -O2  conftest.c >&5
configure:2992: $? = 0
configure:2996: test -z 
			 || test ! -s conftest.err
configure:2999: $? = 0
configure:3002: test -s conftest.o
configure:3005: $? = 0
configure:3016: result: yes
configure:3028: checking for uchar_t
configure:3052: gcc -c -g -O2  conftest.c >&5
conftest.c: In function 'main':
conftest.c:56:6: error: 'uchar_t' undeclared (first use in this function)
 if ((uchar_t *) 0)
      ^
conftest.c:56:6: note: each undeclared identifier is reported only once for each function it appears in
conftest.c:56:15: error: expected expression before ')' token
 if ((uchar_t *) 0)
               ^
configure:3058: $? = 1
configure: failed program was:
| /* confdefs.h.  */
| 
| #define PACKAGE_NAME ""
| #define PACKAGE_TARNAME ""
| #define PACKAGE_VERSION ""
| #define PACKAGE_STRING ""
| #define PACKAGE_BUGREPORT ""
| #define STDC_HEADERS 1
| #define HAVE_SYS_TYPES_H 1
| #define HAVE_SYS_STAT_H 1
| #define HAVE_STDLIB_H 1
| #define HAVE_STRING_H 1
| #define HAVE_MEMORY_H 1
| #define HAVE_STRINGS_H 1
| #define HAVE_INTTYPES_H 1
| #define HAVE_STDINT_H 1
| #define HAVE_UNISTD_H 1
| /* end confdefs.h.  */
| #include <stdio.h>
| #if HAVE_SYS_TYPES_H
| # include <sys/types.h>
| #endif
| #if HAVE_SYS_STAT_H
| # include <sys/stat.h>
| #endif
| #if STDC_HEADERS
| # include <stdlib.h>
| # include <stddef.h>
| #else
| # if HAVE_STDLIB_H
| #  include <stdlib.h>
| # endif
| #endif
| #if HAVE_STRING_H
| # if !STDC_HEADERS && HAVE_MEMORY_H
| #  include <memory.h>
| # endif
| # include <string.h>
| #endif
| #if HAVE_STRINGS_H
| # include <strings.h>
| #endif
| #if HAVE_INTTYPES_H
| # include <inttypes.h>
| #else
| # if HAVE_STDINT_H
| #  include <stdint.h>
| # endif
| #endif
| #if HAVE_UNISTD_H
| # include <unistd.h>
| #endif
| int
| main ()
| {
| if ((uchar_t *) 0)
|   return 0;
| if (sizeof (uchar_t))
|   return 0;
|   ;
|   return 0;
| }
configure:3082: result: no
configure:3094: checking for ushort_t
configure:3118: gcc -c -g -O2  conftest.c >&5
conftest.c: In function 'main':
conftest.c:57:6: error: 'ushort_t' undeclared (first use in this function)
 if ((ushort_t *) 0)
      ^
conftest.c:57:6: note: each undeclared identifier is reported only once for each function it appears in
conftest.c:57:16: error: expected expression before ')' token
 if ((ushort_t *) 0)
                ^
configure:3124: $? = 1
configure: failed program was:
| /* confdefs.h.  */
| 
| #define PACKAGE_NAME ""
| #define PACKAGE_TARNAME ""
| #define PACKAGE_VERSION ""
| #define PACKAGE_STRING ""
| #define PACKAGE_BUGREPORT ""
| #define STDC_HEADERS 1
| #define HAVE_SYS_TYPES_H 1
| #define HAVE_SYS_STAT_H 1
| #define HAVE_STDLIB_H 1
| #define HAVE_STRING_H 1
| #define HAVE_MEMORY_H 1
| #define HAVE_STRINGS_H 1
| #define HAVE_INTTYPES_H 1
| #define HAVE_STDINT_H 1
| #define HAVE_UNISTD_H 1
| #define uchar_t unsigned char
| /* end confdefs.h.  */
| #include <stdio.h>
| #if HAVE_SYS_TYPES_H
| # include <sys/types.h>
| #endif
| #if HAVE_SYS_STAT_H
| # include <sys/stat.h>
| #endif
| #if STDC_HEADERS
| # include <stdlib.h>
| # include <stddef.h>
| #else
| # if HAVE_STDLIB_H
| #  include <stdlib.h>
| # endif
| #endif
| #if HAVE_STRING_H
| # if !STDC_HEADERS && HAVE_MEMORY_H
| #  include <memory.h>
| # endif
| # include <string.h>
| #endif
| #if HAVE_STRINGS_H
| # include <strings.h>
| #endif
| #if HAVE_INTTYPES_H
| # include <inttypes.h>
| #else
| # if HAVE_STDINT_H
| #  include <stdint.h>
| # endif
| #endif
| #if HAVE_UNISTD_H
| # include <unistd.h>
| #endif
| int
| main ()
| {
| if ((ushort_t *) 0)
|   return 0;
| if (sizeof (ushort_t))
|   return 0;
|   ;
|   return 0;
| }
configure:3148: result: no
configure:3160: checking for ulong_t
configure:3184: gcc -c -g -O2  conftest.c >&5
conftest.c: In function 'main':
conftest.c:58:6: error: 'ulong_t' undeclared (first use in this function)
 if ((ulong_t *) 0)
      ^
conftest.c:58:6: note: each undeclared identifier is reported only once for each function it appears in
conftest.c:58:15: error: expected expression before ')' token
 if ((ulong_t *) 0)
               ^
configure:3190: $? = 1
configure: failed program was:
| /* confdefs.h.  */
| 
| #define PACKAGE_NAME ""
| #define PACKAGE_TARNAME ""
| #define PACKAGE_VERSION ""
| #define PACKAGE_STRING ""
| #define PACKAGE_BUGREPORT ""
| #define STDC_HEADERS 1
| #define HAVE_SYS_TYPES_H 1
| #define HAVE_SYS_STAT_H 1
| #define HAVE_STDLIB_H 1
| #define HAVE_STRING_H 1
| #define HAVE_MEMORY_H 1
| #define HAVE_STRINGS_H 1
| #define HAVE_INTTYPES_H 1
| #define HAVE_STDINT_H 1
| #define HAVE_UNISTD_H 1
| #define uchar_t unsigned char
| #define ushort_t unsigned short
| /* end confdefs.h.  */
| #include <stdio.h>
| #if HAVE_SYS_TYPES_H
| # include <sys/types.h>
| #endif
| #if HAVE_SYS_STAT_H
| # include <sys/stat.h>
| #endif
| #if STDC_HEADERS
| # include <stdlib.h>
| # include <stddef.h>
| #else
| # if HAVE_STDLIB_H
| #  include <stdlib.h>
| # endif
| #endif
| #if HAVE_STRING_H
| # if !STDC_HEADERS && HAVE_MEMORY_H
| #  include <memory.h>
| # endif
| # include <string.h>
| #endif
| #if HAVE_STRINGS_H
| # include <strings.h>
| #endif
| #if HAVE_INTTYPES_H
| # include <inttypes.h>
| #else
| # if HAVE_STDINT_H
| #  include <stdint.h>
| # endif
| #endif
| #if HAVE_UNISTD_H
| # include <unistd.h>
| #endif
| int
| main ()
| {
| if ((ulong_t *) 0)
|   return 0;
| if (sizeof (ulong_t))
|   return 0;
|   ;
|   return 0;
| }
configure:3214: result: no
configure:3226: checking whether byte ordering is bigendian
configure:3253: gcc -c -g -O2  conftest.c >&5
configure:3259: $? = 0
configure:3263: test -z 
			 || test ! -s conftest.err
configure:3266: $? = 0
configure:3269: test -s conftest.o
configure:3272: $? = 0
configure:3296: gcc -c -g -O2  conftest.c >&5
conftest.c: In function 'main':
conftest.c:29:2: error: unknown type name 'not'
  not big endian
  ^
conftest.c:29:10: error: expected '=', ',', ';', 'asm' or '__attribute__' before 'endian'
  not big endian
          ^
configure:3302: $? = 1
configure: failed program was:
| /* confdefs.h.  */
| 
| #define PACKAGE_NAME ""
| #define PACKAGE_TARNAME ""
| #define PACKAGE_VERSION ""
| #define PACKAGE_STRING ""
| #define PACKAGE_BUGREPORT ""
| #define STDC_HEADERS 1
| #define HAVE_SYS_TYPES_H 1
| #define HAVE_SYS_STAT_H 1
| #define HAVE_STDLIB_H 1
| #define HAVE_STRING_H 1
| #define HAVE_MEMORY_H 1
| #define HAVE_STRINGS_H 1
| #define HAVE_INTTYPES_H 1
| #define HAVE_STDINT_H 1
| #define HAVE_UNISTD_H 1
| #define uchar_t unsigned char
| #define ushort_t unsigned short
| #define ulong_t unsigned long
| /* end confdefs.h.  */
| #include <sys/types.h>
| #include <sys/param.h>
| 
| int
| main ()
| {
| #if BYTE_ORDER != BIG_ENDIAN
|  not big endian
| #endif
| 
|   ;
|   return 0;
| }
configure:3437: result: no
configure:3456: checking for int
configure:3480: gcc -c -g -O2  conftest.c >&5
configure:3486: $? = 0
configure:3490: test -z 
			 || test ! -s conftest.err
configure:3493: $? = 0
configure:3496: test -s conftest.o
configure:3499: $? = 0
configure:3510: result: yes
configure:3513: checking size of int
configure:3832: gcc -o conftest -g -O2   conftest.c  >&5
configure:3835: $? = 0
configure:3837: ./conftest
configure:3840: $? = 0
configure:3863: result: 4
configure:3870: checking for long
configure:3894: gcc -c -g -O2  conftest.c >&5
configure:3900: $? = 0
configure:3904: test -z 
			 || test ! -s conftest.err
configure:3907: $? = 0
configure:3910: test -s conftest.o
configure:3913: $? = 0
configure:3924: result: yes
configure:3927: checking size of long
configure:4246: gcc -o conftest -g -O2   conftest.c  >&5
configure:4249: $? = 0
configure:4251: ./conftest
configure:4254: $? = 0
configure:4277: result: 8
configure:4284: checking for short
configure:4308: gcc -c -g -O2  conftest.c >&5
configure:4314: $? = 0
configure:4318: test -z 
			 || test ! -s conftest.err
configure:4321: $? = 0
configure:4324: test -s conftest.o
configure:4327: $? = 0
configure:4338: result: yes
configure:4341: checking size of short
configure:4660: gcc -o conftest -g -O2   conftest.c  >&5
configure:4663: $? = 0
configure:4665: ./conftest
configure:4668: $? = 0
configure:4691: result: 2
configure:4794: creating ./config.status

## ---------------------- ##
## Running config.status. ##
## ---------------------- ##

This file was extended by config.status, which was
generated by GNU Autoconf 2.59.  Invocation command line was

  CONFIG_FILES    = 
  CONFIG_HEADERS  = 
  CONFIG_LINKS    = 
  CONFIG_COMMANDS = 
  $ ./config.status 

on Ice

config.status:656: creating conf.mk
config.status:656: creating conf.ipw
config.status:759: creating conf.h
config.status:873: conf.h is unchanged

## ---------------- ##
## Cache variables. ##
## ---------------- ##

ac_cv_build=i386-apple-darwin14.0.0
ac_cv_build_alias=i386-apple-darwin14.0.0
ac_cv_c_bigendian=no
ac_cv_c_compiler_gnu=yes
ac_cv_env_CC_set=
ac_cv_env_CC_value=
ac_cv_env_CFLAGS_set=
ac_cv_env_CFLAGS_value=
ac_cv_env_CPPFLAGS_set=
ac_cv_env_CPPFLAGS_value=
ac_cv_env_CPP_set=
ac_cv_env_CPP_value=
ac_cv_env_LDFLAGS_set=
ac_cv_env_LDFLAGS_value=
ac_cv_env_build_alias_set=
ac_cv_env_build_alias_value=
ac_cv_env_host_alias_set=
ac_cv_env_host_alias_value=
ac_cv_env_target_alias_set=
ac_cv_env_target_alias_value=
ac_cv_exeext=
ac_cv_header_inttypes_h=yes
ac_cv_header_memory_h=yes
ac_cv_header_stdc=yes
ac_cv_header_stdint_h=yes
ac_cv_header_stdlib_h=yes
ac_cv_header_string_h=yes
ac_cv_header_strings_h=yes
ac_cv_header_sys_stat_h=yes
ac_cv_header_sys_types_h=yes
ac_cv_header_unistd_h=yes
ac_cv_host=i386-apple-darwin14.0.0
ac_cv_host_alias=i386-apple-darwin14.0.0
ac_cv_objext=o
ac_cv_path_AWK_PATH=/opt/local/bin/mawk
ac_cv_path_PERL_PATH=/opt/local/bin/perl
ac_cv_path_SED_PATH=/usr/bin/sed
ac_cv_path_SH_PATH=/bin/sh
ac_cv_prog_CPP='gcc -E'
ac_cv_prog_ac_ct_CC=gcc
ac_cv_prog_cc_g=yes
ac_cv_prog_cc_stdc=
ac_cv_prog_egrep='grep -E'
ac_cv_sizeof_int=4
ac_cv_sizeof_long=8
ac_cv_sizeof_short=2
ac_cv_type_int=yes
ac_cv_type_long=yes
ac_cv_type_short=yes
ac_cv_type_uchar_t=no
ac_cv_type_ulong_t=no
ac_cv_type_ushort_t=no

## ----------------- ##
## Output variables. ##
## ----------------- ##

AWK_PATH='/opt/local/bin/mawk'
CC='gcc'
CFLAGS='-g -O2'
CPP='gcc -E'
CPPFLAGS=''
DEFS='-DHAVE_CONFIG_H'
ECHO_C='ECHO_N=''
ECHO_T=''
EGREP='grep -E'
EXEEXT=''
GRAPH_PATH=''
LDFLAGS=''
LIBOBJS=''
LIBS=''
LTLIBOBJS=''
OBJEXT='o'
PACKAGE_BUGREPORT=''
PACKAGE_NAME=''
PACKAGE_STRING=''
PACKAGE_TARNAME=''
PACKAGE_VERSION=''
PATH_SEPARATOR=':'
PERL_PATH='/opt/local/bin/perl'
SED_PATH='/usr/bin/sed'
SHELL='/bin/sh'
SH_PATH='/bin/sh'
ac_ct_CC='gcc'
bindir='${exec_prefix}/bin'
build='i386-apple-darwin14.0.0'
build_alias=''
build_cpu='i386'
build_os='darwin14.0.0'
build_vendor='apple'
datadir='${prefix}/share'
exec_prefix='${prefix}'
gcc_has_iquote='yes'
host='i386-apple-darwin14.0.0'
host_alias=''
host_cpu='i386'
host_os='darwin14.0.0'
host_vendor='apple'
includedir='${prefix}/include'
infodir='${prefix}/info'
libdir='${exec_prefix}/lib'
libexecdir='${exec_prefix}/libexec'
localstatedir='${prefix}/var'
mandir='${prefix}/man'
oldincludedir='/usr/include'
prefix='/usr/local'
program_transform_name='s,x,x,'
sbindir='${exec_prefix}/sbin'
sharedstatedir='${prefix}/com'
sysconfdir='${prefix}/etc'
target_alias=''

## ----------- ##
## confdefs.h. ##
## ----------- ##

#define HAVE_INTTYPES_H 1
#define HAVE_MEMORY_H 1
#define HAVE_STDINT_H 1
#define HAVE_STDLIB_H 1
#define HAVE_STRINGS_H 1
#define HAVE_STRING_H 1
#define HAVE_SYS_STAT_H 1
#define HAVE_SYS_TYPES_H 1
#define HAVE_UNISTD_H 1
#define PACKAGE_BUGREPORT ""
#define PACKAGE_NAME ""
#define PACKAGE_STRING ""
#define PACKAGE_TARNAME ""
#define PACKAGE_VERSION ""
#define SIZEOF_INT 4
#define SIZEOF_LONG 8
#define SIZEOF_SHORT 2
#define STDC_HEADERS 1
#define uchar_t unsigned char
#define ulong_t unsigned long
#define ushort_t unsigned short

configure: exit 0
